<?xml version="1.0" encoding="UTF-8"?>
<!-- Generated by org.testng.reporters.JUnitReportReporter -->
<testsuite hostname="DESKTOP-4L6S52T" failures="0" tests="2" name="com.example.TwistedMountainAnimation.Tests.FooterLinkStatusTest" time="103.954" errors="0" timestamp="2025-02-04T23:45:07 IST" skipped="0">
  <testcase classname="com.example.TwistedMountainAnimation.Tests.FooterLinkStatusTest" name="verifyFooterLinksStatus" time="51.582"/>
  <testcase classname="com.example.TwistedMountainAnimation.Tests.FooterLinkStatusTest" name="verifyFooterLinksStatus" time="52.372"/>
</testsuite> <!-- com.example.TwistedMountainAnimation.Tests.FooterLinkStatusTest -->
