<?xml version="1.0" encoding="UTF-8"?>
<!-- Generated by org.testng.reporters.JUnitReportReporter -->
<testsuite hostname="DESKTOP-4L6S52T" failures="0" tests="2" name="com.example.TwistedMountainAnimation.Tests.HomePageTitleTest" time="61.883" errors="0" timestamp="2025-02-04T21:23:38 IST" skipped="0">
  <testcase classname="com.example.TwistedMountainAnimation.Tests.HomePageTitleTest" name="testHomePageTitle" time="36.678"/>
  <testcase classname="com.example.TwistedMountainAnimation.Tests.HomePageTitleTest" name="testHomePageTitle" time="25.205"/>
</testsuite> <!-- com.example.TwistedMountainAnimation.Tests.HomePageTitleTest -->
