<?xml version="1.0" encoding="UTF-8"?>
<!-- Generated by org.testng.reporters.JUnitReportReporter -->
<testsuite hostname="DESKTOP-4L6S52T" failures="0" tests="2" name="com.example.TwistedMountainAnimation.TestComponent.BaseTest" time="7.249" errors="0" timestamp="2025-02-02T19:15:13 IST" skipped="0">
  <testcase classname="com.example.TwistedMountainAnimation.TestComponent.BaseTest" name="initializeDriver" time="7.246"/>
  <testcase classname="com.example.TwistedMountainAnimation.TestComponent.BaseTest" name="tearDown" time="0.003"/>
</testsuite> <!-- com.example.TwistedMountainAnimation.TestComponent.BaseTest -->
