<?xml version="1.0" encoding="UTF-8"?>
<!-- Generated by org.testng.reporters.JUnitReportReporter -->
<testsuite hostname="DESKTOP-4L6S52T" failures="0" tests="2" name="com.example.TwistedMountainAnimation.Tests.FooterLinkStatusTest" time="109.138" errors="0" timestamp="2025-02-06T09:44:08 IST" skipped="0">
  <testcase classname="com.example.TwistedMountainAnimation.Tests.FooterLinkStatusTest" name="verifyFooterLinksStatus" time="55.687"/>
  <testcase classname="com.example.TwistedMountainAnimation.Tests.FooterLinkStatusTest" name="verifyFooterLinksStatus" time="53.451"/>
</testsuite> <!-- com.example.TwistedMountainAnimation.Tests.FooterLinkStatusTest -->
