<?xml version="1.0" encoding="UTF-8"?>
<!-- Generated by org.testng.reporters.JUnitReportReporter -->
<testsuite hostname="DESKTOP-4L6S52T" failures="0" tests="1" name="com.example.TwistedMountainAnimation.Tests.SearchPageTest" time="11.298" errors="0" timestamp="2025-02-04T15:14:12 IST" skipped="0">
  <testcase classname="com.example.TwistedMountainAnimation.Tests.SearchPageTest" name="testProductListDisplayed" time="11.298"/>
</testsuite> <!-- com.example.TwistedMountainAnimation.Tests.SearchPageTest -->
