<?xml version="1.0" encoding="UTF-8"?>
<!-- Generated by org.testng.reporters.JUnitReportReporter -->
<testsuite hostname="DESKTOP-4L6S52T" failures="0" tests="2" name="com.example.TwistedMountainAnimation.Tests.HomePageTitleTest" time="45.107" errors="0" timestamp="2025-02-06T09:44:08 IST" skipped="0">
  <testcase classname="com.example.TwistedMountainAnimation.Tests.HomePageTitleTest" name="testHomePageTitle" time="19.314"/>
  <testcase classname="com.example.TwistedMountainAnimation.Tests.HomePageTitleTest" name="testHomePageTitle" time="25.793"/>
</testsuite> <!-- com.example.TwistedMountainAnimation.Tests.HomePageTitleTest -->
